<?xml version="1.0" encoding="UTF-8"?>
<testng-results skipped="0" failed="0" ignored="0" total="1" passed="1">
  <reporter-output>
  </reporter-output>
  <suite name="Default suite" duration-ms="222739" started-at="2020-05-01T20:07:07 IST" finished-at="2020-05-01T20:10:49 IST">
    <groups>
    </groups>
    <test name="Default test" duration-ms="222739" started-at="2020-05-01T20:07:07 IST" finished-at="2020-05-01T20:10:49 IST">
      <class name="Search.SaveShare">
        <test-method status="PASS" signature="createDriver()[pri:0, instance:Search.SaveShare@22a67b4]" name="createDriver" is-config="true" duration-ms="20504" started-at="2020-05-01T20:07:07 IST" finished-at="2020-05-01T20:07:27 IST">
          <reporter-output>
          </reporter-output>
        </test-method> <!-- createDriver -->
        <test-method status="PASS" signature="saveSearchAction()[pri:0, instance:Search.SaveShare@22a67b4]" name="saveSearchAction" duration-ms="201972" started-at="2020-05-01T20:07:27 IST" finished-at="2020-05-01T20:10:49 IST">
          <reporter-output>
          </reporter-output>
        </test-method> <!-- saveSearchAction -->
        <test-method status="PASS" signature="afterTest()[pri:0, instance:Search.SaveShare@22a67b4]" name="afterTest" is-config="true" duration-ms="235" started-at="2020-05-01T20:10:49 IST" finished-at="2020-05-01T20:10:49 IST">
          <reporter-output>
          </reporter-output>
        </test-method> <!-- afterTest -->
      </class> <!-- Search.SaveShare -->
    </test> <!-- Default test -->
  </suite> <!-- Default suite -->
</testng-results>
